<?xml version="1.0" encoding="UTF-8"?>
<testsuite name="com.example.thinkv2.notes.NotesModelTest" tests="7" skipped="0" failures="0" errors="0" timestamp="2026-09-15T17:14:54.341Z" hostname="OrderlyRaydeMBP" time="1.721">
  <properties/>
  <testcase name="formalFailureRetainsEditorAndRetryReallySaves" classname="com.example.thinkv2.notes.NotesModelTest" time="0.188"/>
  <testcase name="searchRefreshesAfterEditingAndCategoryCorrection" classname="com.example.thinkv2.notes.NotesModelTest" time="0.17"/>
  <testcase name="failedTrashAndRestoreKeepVisibleStateUntilRetry" classname="com.example.thinkv2.notes.NotesModelTest" time="0.232"/>
  <testcase name="lifecycleRetainsUnsavedDraftAndReportsMissingCategoryOnRestore" classname="com.example.thinkv2.notes.NotesModelTest" time="0.256"/>
  <testcase name="autosaveAndBackKeepDraftSeparateFromFormal" classname="com.example.thinkv2.notes.NotesModelTest" time="0.632"/>
  <testcase name="discardThenReopenEditDoesNotHitOldTombstone" classname="com.example.thinkv2.notes.NotesModelTest" time="0.121"/>
  <testcase name="realViewModelReopenUnchangedSaveAndReturn" classname="com.example.thinkv2.notes.NotesModelTest" time="0.121"/>
  <system-out><![CDATA[]]></system-out>
  <system-err><![CDATA[]]></system-err>
</testsuite>
