<?xml version="1.0" encoding="UTF-8"?>
<testsuite name="com.example.thinkv2.notes.NoteRepositoryTest" tests="14" skipped="0" failures="0" errors="0" timestamp="2026-09-15T17:14:50.397Z" hostname="OrderlyRaydeMBP" time="3.941">
  <properties/>
  <testcase name="realSqlFailureRollsBackFormalAndKeepsCommittedDraft" classname="com.example.thinkv2.notes.NoteRepositoryTest" time="0.098"/>
  <testcase name="literalChineseAndRankingAndEditIndex" classname="com.example.thinkv2.notes.NoteRepositoryTest" time="0.126"/>
  <testcase name="lateWritesCannotReviveSavedOrDiscardedDrafts" classname="com.example.thinkv2.notes.NoteRepositoryTest" time="0.092"/>
  <testcase name="categoryCorrectionAndPaging" classname="com.example.thinkv2.notes.NoteRepositoryTest" time="0.262"/>
  <testcase name="emptyBodyCannotBecomeFormal" classname="com.example.thinkv2.notes.NoteRepositoryTest" time="0.063"/>
  <testcase name="titleOwnershipAndUnicode" classname="com.example.thinkv2.notes.NoteRepositoryTest" time="0.002"/>
  <testcase name="saveRetryAndUnchangedOpenHaveNoPhantomDraft" classname="com.example.thinkv2.notes.NoteRepositoryTest" time="0.069"/>
  <testcase name="emptyAndDurableDraftThenSameIdEdit" classname="com.example.thinkv2.notes.NoteRepositoryTest" time="0.204"/>
  <testcase name="unknownDatabaseIsPreserved" classname="com.example.thinkv2.notes.NoteRepositoryTest" time="0.074"/>
  <testcase name="thousandNoteSearchBenchmark" classname="com.example.thinkv2.notes.NoteRepositoryTest" time="2.634"/>
  <testcase name="conflictingEditorsCannotOverwriteNewVersion" classname="com.example.thinkv2.notes.NoteRepositoryTest" time="0.078"/>
  <testcase name="tombstoneFailureRollsBackNoteWrite" classname="com.example.thinkv2.notes.NoteRepositoryTest" time="0.082"/>
  <testcase name="saveRevertedContentClearsDraftWithoutChangingFormal" classname="com.example.thinkv2.notes.NoteRepositoryTest" time="0.087"/>
  <testcase name="oldDraftCannotOverwriteNewerDraft" classname="com.example.thinkv2.notes.NoteRepositoryTest" time="0.07"/>
  <system-out><![CDATA[HOST_SQLITE_1000_NOTES_P95_MS=13.418833; excludes Android and Compose
]]></system-out>
  <system-err><![CDATA[]]></system-err>
</testsuite>
